<?xml version="1.0" encoding="UTF-8"?>
<!-- Generated by org.testng.reporters.JUnitReportReporter -->
<testsuite hostname="DESKTOP-F5P92LD" failures="0" tests="6" name="com.omrbranch.flight.SingaporeAirlines" time="8.430" errors="0" timestamp="2024-10-28T13:43:26 IST" skipped="0">
  <testcase classname="com.omrbranch.flight.SingaporeAirlines" name="tc1_CreateFlight" time="4.381"/>
  <testcase classname="com.omrbranch.flight.SingaporeAirlines" name="tc2_SingleFlight" time="0.720"/>
  <testcase classname="com.omrbranch.flight.SingaporeAirlines" name="tc3_UpdateFlight" time="1.193"/>
  <testcase classname="com.omrbranch.flight.SingaporeAirlines" name="tc4_UpdateSingleField" time="0.783"/>
  <testcase classname="com.omrbranch.flight.SingaporeAirlines" name="tc5_DeleteFlight" time="0.596"/>
  <testcase classname="com.omrbranch.flight.SingaporeAirlines" name="tc6_ListFlight" time="0.757"/>
</testsuite> <!-- com.omrbranch.flight.SingaporeAirlines -->
