<?xml version="1.0" encoding="UTF-8"?>
<!-- Generated by org.testng.reporters.JUnitReportReporter -->
<testsuite hostname="DESKTOP-F5P92LD" failures="0" tests="4" name="com.omrbranch.pojo.sample.Sample_Api" time="4.450" errors="0" timestamp="2024-11-06T16:39:47 IST" skipped="0">
  <testcase classname="com.omrbranch.pojo.sample.Sample_Api" name="login" time="3.170"/>
  <testcase classname="com.omrbranch.pojo.sample.Sample_Api" name="getStateList" time="0.324"/>
  <testcase classname="com.omrbranch.pojo.sample.Sample_Api" name="getCityList" time="0.593"/>
  <testcase classname="com.omrbranch.pojo.sample.Sample_Api" name="addUserAddress" time="0.363"/>
</testsuite> <!-- com.omrbranch.pojo.sample.Sample_Api -->
