<?xml version="1.0" encoding="UTF-8"?>
<!-- Generated by org.testng.reporters.JUnitReportReporter -->
<testsuite hostname="DESKTOP-F5P92LD" failures="0" tests="3" name="com.omrbranch.pojo.login.Sample_Login" time="2.563" errors="0" timestamp="2024-11-05T18:02:57 IST" skipped="0">
  <testcase classname="com.omrbranch.pojo.login.Sample_Login" name="login" time="1.824"/>
  <testcase classname="com.omrbranch.pojo.login.Sample_Login" name="getStateList" time="0.301"/>
  <testcase classname="com.omrbranch.pojo.login.Sample_Login" name="getCityList" time="0.438"/>
</testsuite> <!-- com.omrbranch.pojo.login.Sample_Login -->
