<?xml version="1.0" encoding="UTF-8"?>
<!-- Generated by org.testng.reporters.JUnitReportReporter -->
<testsuite hostname="DESKTOP-F5P92LD" failures="0" tests="10" name="com.omrbranch.pojo.sample.Sample_Api" time="4.653" errors="0" timestamp="2024-11-07T18:12:13 IST" skipped="2">
  <testcase classname="com.omrbranch.pojo.sample.Sample_Api" name="login" time="1.954"/>
  <testcase classname="com.omrbranch.pojo.sample.Sample_Api" name="getStateList" time="0.303"/>
  <testcase classname="com.omrbranch.pojo.sample.Sample_Api" name="getCityList" time="0.401"/>
  <testcase classname="com.omrbranch.pojo.sample.Sample_Api" name="addUserAddress" time="0.307"/>
  <testcase classname="com.omrbranch.pojo.sample.Sample_Api" name="updateUserAddress" time="0.334"/>
  <testcase classname="com.omrbranch.pojo.sample.Sample_Api" name="getUserAddress" time="0.365"/>
  <testcase classname="com.omrbranch.pojo.sample.Sample_Api" name="categoryList" time="0.312"/>
  <testcase classname="com.omrbranch.pojo.sample.Sample_Api" name="productList" time="0.677"/>
  <testcase classname="com.omrbranch.pojo.sample.Sample_Api" name="searchProduct">
    <skipped/>
  </testcase> <!-- searchProduct -->
  <testcase classname="com.omrbranch.pojo.sample.Sample_Api" name="deleteUserAddress">
    <skipped/>
  </testcase> <!-- deleteUserAddress -->
</testsuite> <!-- com.omrbranch.pojo.sample.Sample_Api -->
