<?xml version="1.0" encoding="UTF-8"?>
<!-- Generated by org.testng.reporters.JUnitReportReporter -->
<testsuite hostname="DESKTOP-F5P92LD" failures="0" tests="1" name="com.omrbranch.flight.Sample" time="2.671" errors="0" timestamp="2024-11-05T15:46:40 IST" skipped="0">
  <testcase classname="com.omrbranch.flight.Sample" name="login" time="2.671"/>
</testsuite> <!-- com.omrbranch.flight.Sample -->
