<?xml version="1.0" encoding="UTF-8"?>
<!-- Generated by org.testng.reporters.JUnitReportReporter -->
<testsuite hostname="DESKTOP-F5P92LD" failures="0" tests="2" name="com.omrbranch.pojo.sample.Sample_Api" time="2.941" errors="0" timestamp="2024-11-08T14:53:01 IST" skipped="1">
  <testcase classname="com.omrbranch.pojo.sample.Sample_Api" name="searchProduct" time="2.941"/>
  <testcase classname="com.omrbranch.pojo.sample.Sample_Api" name="deleteUserAddress">
    <skipped/>
  </testcase> <!-- deleteUserAddress -->
</testsuite> <!-- com.omrbranch.pojo.sample.Sample_Api -->
