<?xml version="1.0" encoding="UTF-8"?>
<!-- Generated by org.testng.reporters.JUnitReportReporter -->
<testsuite hostname="DESKTOP-F5P92LD" failures="0" tests="6" name="com.omrbranch.flight.SingaporeAirlines" time="7.108" errors="0" timestamp="2024-10-23T17:01:11 IST" skipped="0">
  <testcase classname="com.omrbranch.flight.SingaporeAirlines" name="createFlight" time="3.673"/>
  <testcase classname="com.omrbranch.flight.SingaporeAirlines" name="singleFlight" time="0.530"/>
  <testcase classname="com.omrbranch.flight.SingaporeAirlines" name="updateFlight" time="0.588"/>
  <testcase classname="com.omrbranch.flight.SingaporeAirlines" name="updateSingleField" time="1.021"/>
  <testcase classname="com.omrbranch.flight.SingaporeAirlines" name="deleteFlight" time="0.795"/>
  <testcase classname="com.omrbranch.flight.SingaporeAirlines" name="listFlight" time="0.501"/>
</testsuite> <!-- com.omrbranch.flight.SingaporeAirlines -->
