<?xml version="1.0" encoding="UTF-8"?>
<!-- Generated by org.testng.reporters.JUnitReportReporter -->
<testsuite hostname="DESKTOP-F5P92LD" failures="1" tests="11" name="com.omrbranch.pojo.sample.Sample_Api" time="7.002" errors="0" timestamp="2024-11-08T15:38:53 IST" skipped="0">
  <testcase classname="com.omrbranch.pojo.sample.Sample_Api" name="login" time="3.198"/>
  <testcase classname="com.omrbranch.pojo.sample.Sample_Api" name="getStateList" time="0.311"/>
  <testcase classname="com.omrbranch.pojo.sample.Sample_Api" name="getCityList" time="0.521"/>
  <testcase classname="com.omrbranch.pojo.sample.Sample_Api" name="addUserAddress" time="0.335"/>
  <testcase classname="com.omrbranch.pojo.sample.Sample_Api" name="updateUserAddress" time="0.440"/>
  <testcase classname="com.omrbranch.pojo.sample.Sample_Api" name="getUserAddress" time="0.370"/>
  <testcase classname="com.omrbranch.pojo.sample.Sample_Api" name="deleteUserAddress" time="0.316"/>
  <testcase classname="com.omrbranch.pojo.sample.Sample_Api" name="searchProduct" time="0.316"/>
  <testcase classname="com.omrbranch.pojo.sample.Sample_Api" name="categoryList" time="0.266"/>
  <testcase classname="com.omrbranch.pojo.sample.Sample_Api" name="clearCart" time="0.251">
    <failure message="Verify Cart has been cleared message expected [Cart has been cleared.] but found [Currently Your Cart is empty]" type="java.lang.AssertionError">
      <![CDATA[java.lang.AssertionError: Verify Cart has been cleared message expected [Cart has been cleared.] but found [Currently Your Cart is empty]
at org.testng.Assert.fail(Assert.java:111)
at org.testng.Assert.failNotEquals(Assert.java:1578)
at org.testng.Assert.assertEqualsImpl(Assert.java:150)
at org.testng.Assert.assertEquals(Assert.java:132)
at org.testng.Assert.assertEquals(Assert.java:656)
at com.omrbranch.pojo.sample.Sample_Api.clearCart(Sample_Api.java:350)
at java.base/jdk.internal.reflect.DirectMethodHandleAccessor.invoke(DirectMethodHandleAccessor.java:103)
at java.base/java.lang.reflect.Method.invoke(Method.java:580)
at org.testng.internal.invokers.MethodInvocationHelper.invokeMethod(MethodInvocationHelper.java:141)
at org.testng.internal.invokers.TestInvoker.invokeMethod(TestInvoker.java:686)
at org.testng.internal.invokers.TestInvoker.invokeTestMethod(TestInvoker.java:230)
at org.testng.internal.invokers.MethodRunner.runInSequence(MethodRunner.java:63)
at org.testng.internal.invokers.TestInvoker$MethodInvocationAgent.invoke(TestInvoker.java:992)
at org.testng.internal.invokers.TestInvoker.invokeTestMethods(TestInvoker.java:203)
at org.testng.internal.invokers.TestMethodWorker.invokeTestMethods(TestMethodWorker.java:154)
at org.testng.internal.invokers.TestMethodWorker.run(TestMethodWorker.java:134)
at java.base/java.util.ArrayList.forEach(ArrayList.java:1597)
at org.testng.TestRunner.privateRun(TestRunner.java:739)
at org.testng.TestRunner.run(TestRunner.java:614)
at org.testng.SuiteRunner.runTest(SuiteRunner.java:421)
at org.testng.SuiteRunner.runSequentially(SuiteRunner.java:413)
at org.testng.SuiteRunner.privateRun(SuiteRunner.java:373)
at org.testng.SuiteRunner.run(SuiteRunner.java:312)
at org.testng.SuiteRunnerWorker.runSuite(SuiteRunnerWorker.java:52)
at org.testng.SuiteRunnerWorker.run(SuiteRunnerWorker.java:95)
at org.testng.TestNG.runSuitesSequentially(TestNG.java:1274)
at org.testng.TestNG.runSuitesLocally(TestNG.java:1208)
at org.testng.TestNG.runSuites(TestNG.java:1112)
at org.testng.TestNG.run(TestNG.java:1079)
at org.testng.remote.AbstractRemoteTestNG.run(AbstractRemoteTestNG.java:115)
at org.testng.remote.RemoteTestNG.initAndRun(RemoteTestNG.java:293)
at org.testng.remote.RemoteTestNG.main(RemoteTestNG.java:91)
]]>
    </failure>
  </testcase> <!-- clearCart -->
  <testcase classname="com.omrbranch.pojo.sample.Sample_Api" name="productList" time="0.678"/>
</testsuite> <!-- com.omrbranch.pojo.sample.Sample_Api -->
